# JRE version: Java(TM) SE Runtime Environment (8.0_121-b13) (build 1.8.0_121-b13)
# Java VM: Java HotSpot(TM) 64-Bit Server VM (25.121-b13 mixed mode windows-amd64 compressed oops)
Heap:
 PSYoungGen      total 297472K, used 201618K [0x00000000e0000000, 0x00000000f4000000, 0x0000000100000000)
  eden space 281600K, 65% used [0x00000000e0000000,0x00000000eb5682c0,0x00000000f1300000)
  from space 15872K, 99% used [0x00000000f2a00000,0x00000000f397c808,0x00000000f3980000)
  to   space 23040K, 0% used [0x00000000f1300000,0x00000000f1300000,0x00000000f2980000)
 ParOldGen       total 47616K, used 33458K [0x00000000a0000000, 0x00000000a2e80000, 0x00000000e0000000)
  object space 47616K, 70% used [0x00000000a0000000,0x00000000a20aca00,0x00000000a2e80000)
 Metaspace       used 52618K, capacity 54050K, committed 54272K, reserved 1095680K
  class space    used 7072K, capacity 7393K, committed 7424K, reserved 1048576K
GC Heap History (10 events):
Event: 7.409 GC heap before
{Heap before GC invocations=8 (full 1):
 PSYoungGen      total 125440K, used 125103K [0x00000000e0000000, 0x00000000e9080000, 0x0000000100000000)
  eden space 117760K, 100% used [0x00000000e0000000,0x00000000e7300000,0x00000000e7300000)
  from space 7680K, 95% used [0x00000000e8900000,0x00000000e902bd40,0x00000000e9080000)
  to   space 9728K, 0% used [0x00000000e7d80000,0x00000000e7d80000,0x00000000e8700000)
 ParOldGen       total 33792K, used 8200K [0x00000000a0000000, 0x00000000a2100000, 0x00000000e0000000)
  object space 33792K, 24% used [0x00000000a0000000,0x00000000a08021c8,0x00000000a2100000)
 Metaspace       used 31434K, capacity 32016K, committed 32512K, reserved 1077248K
  class space    used 4335K, capacity 4515K, committed 4608K, reserved 1048576K
Event: 7.464 GC heap after
Heap after GC invocations=8 (full 1):
 PSYoungGen      total 138240K, used 9370K [0x00000000e0000000, 0x00000000ee100000, 0x0000000100000000)
  eden space 128512K, 0% used [0x00000000e0000000,0x00000000e0000000,0x00000000e7d80000)
  from space 9728K, 96% used [0x00000000e7d80000,0x00000000e86a6800,0x00000000e8700000)
  to   space 11264K, 0% used [0x00000000ed600000,0x00000000ed600000,0x00000000ee100000)
 ParOldGen       total 33792K, used 8200K [0x00000000a0000000, 0x00000000a2100000, 0x00000000e0000000)
  object space 33792K, 24% used [0x00000000a0000000,0x00000000a08021c8,0x00000000a2100000)
 Metaspace       used 31434K, capacity 32016K, committed 32512K, reserved 1077248K
  class space    used 4335K, capacity 4515K, committed 4608K, reserved 1048576K
}
Event: 8.408 GC heap before
{Heap before GC invocations=9 (full 1):
 PSYoungGen      total 138240K, used 67731K [0x00000000e0000000, 0x00000000ee100000, 0x0000000100000000)
  eden space 128512K, 45% used [0x00000000e0000000,0x00000000e38fe548,0x00000000e7d80000)
  from space 9728K, 96% used [0x00000000e7d80000,0x00000000e86a6800,0x00000000e8700000)
  to   space 11264K, 0% used [0x00000000ed600000,0x00000000ed600000,0x00000000ee100000)
 ParOldGen       total 33792K, used 8200K [0x00000000a0000000, 0x00000000a2100000, 0x00000000e0000000)
  object space 33792K, 24% used [0x00000000a0000000,0x00000000a08021c8,0x00000000a2100000)
 Metaspace       used 34613K, capacity 35176K, committed 35456K, reserved 1079296K
  class space    used 4747K, capacity 4945K, committed 4992K, reserved 1048576K
Event: 8.424 GC heap after
Heap after GC invocations=9 (full 1):
 PSYoungGen      total 218112K, used 9638K [0x00000000e0000000, 0x00000000ef080000, 0x0000000100000000)
  eden space 206848K, 0% used [0x00000000e0000000,0x00000000e0000000,0x00000000eca00000)
  from space 11264K, 85% used [0x00000000ed600000,0x00000000edf69a38,0x00000000ee100000)
  to   space 12288K, 0% used [0x00000000eca00000,0x00000000eca00000,0x00000000ed600000)
 ParOldGen       total 33792K, used 8208K [0x00000000a0000000, 0x00000000a2100000, 0x00000000e0000000)
  object space 33792K, 24% used [0x00000000a0000000,0x00000000a08041c8,0x00000000a2100000)
 Metaspace       used 34613K, capacity 35176K, committed 35456K, reserved 1079296K
  class space    used 4747K, capacity 4945K, committed 4992K, reserved 1048576K
}
Event: 8.424 GC heap before
{Heap before GC invocations=10 (full 2):
 PSYoungGen      total 218112K, used 9638K [0x00000000e0000000, 0x00000000ef080000, 0x0000000100000000)
  eden space 206848K, 0% used [0x00000000e0000000,0x00000000e0000000,0x00000000eca00000)
  from space 11264K, 85% used [0x00000000ed600000,0x00000000edf69a38,0x00000000ee100000)
  to   space 12288K, 0% used [0x00000000eca00000,0x00000000eca00000,0x00000000ed600000)
 ParOldGen       total 33792K, used 8208K [0x00000000a0000000, 0x00000000a2100000, 0x00000000e0000000)
  object space 33792K, 24% used [0x00000000a0000000,0x00000000a08041c8,0x00000000a2100000)
 Metaspace       used 34613K, capacity 35176K, committed 35456K, reserved 1079296K
  class space    used 4747K, capacity 4945K, committed 4992K, reserved 1048576K
Event: 8.532 GC heap after
Heap after GC invocations=10 (full 2):
 PSYoungGen      total 218112K, used 0K [0x00000000e0000000, 0x00000000ef080000, 0x0000000100000000)
  eden space 206848K, 0% used [0x00000000e0000000,0x00000000e0000000,0x00000000eca00000)
  from space 11264K, 0% used [0x00000000ed600000,0x00000000ed600000,0x00000000ee100000)
  to   space 12288K, 0% used [0x00000000eca00000,0x00000000eca00000,0x00000000ed600000)
 ParOldGen       total 47616K, used 16250K [0x00000000a0000000, 0x00000000a2e80000, 0x00000000e0000000)
  object space 47616K, 34% used [0x00000000a0000000,0x00000000a0fdebd0,0x00000000a2e80000)
 Metaspace       used 34613K, capacity 35176K, committed 35456K, reserved 1079296K
  class space    used 4747K, capacity 4945K, committed 4992K, reserved 1048576K
}
Event: 11.662 GC heap before
{Heap before GC invocations=11 (full 2):
 PSYoungGen      total 218112K, used 206848K [0x00000000e0000000, 0x00000000ef080000, 0x0000000100000000)
  eden space 206848K, 100% used [0x00000000e0000000,0x00000000eca00000,0x00000000eca00000)
  from space 11264K, 0% used [0x00000000ed600000,0x00000000ed600000,0x00000000ee100000)
  to   space 12288K, 0% used [0x00000000eca00000,0x00000000eca00000,0x00000000ed600000)
 ParOldGen       total 47616K, used 16250K [0x00000000a0000000, 0x00000000a2e80000, 0x00000000e0000000)
  object space 47616K, 34% used [0x00000000a0000000,0x00000000a0fdebd0,0x00000000a2e80000)
 Metaspace       used 45604K, capacity 46702K, committed 46976K, reserved 1089536K
  class space    used 6270K, capacity 6497K, committed 6528K, reserved 1048576K
Event: 11.693 GC heap after
Heap after GC invocations=11 (full 2):
 PSYoungGen      total 219136K, used 12273K [0x00000000e0000000, 0x00000000f3980000, 0x0000000100000000)
  eden space 206848K, 0% used [0x00000000e0000000,0x00000000e0000000,0x00000000eca00000)
  from space 12288K, 99% used [0x00000000eca00000,0x00000000ed5fc548,0x00000000ed600000)
  to   space 15872K, 0% used [0x00000000f2a00000,0x00000000f2a00000,0x00000000f3980000)
 ParOldGen       total 47616K, used 21388K [0x00000000a0000000, 0x00000000a2e80000, 0x00000000e0000000)
  object space 47616K, 44% used [0x00000000a0000000,0x00000000a14e3078,0x00000000a2e80000)
 Metaspace       used 45604K, capacity 46702K, committed 46976K, reserved 1089536K
  class space    used 6270K, capacity 6497K, committed 6528K, reserved 1048576K
}
Event: 20.032 GC heap before
{Heap before GC invocations=12 (full 2):
 PSYoungGen      total 219136K, used 219121K [0x00000000e0000000, 0x00000000f3980000, 0x0000000100000000)
  eden space 206848K, 100% used [0x00000000e0000000,0x00000000eca00000,0x00000000eca00000)
  from space 12288K, 99% used [0x00000000eca00000,0x00000000ed5fc548,0x00000000ed600000)
  to   space 15872K, 0% used [0x00000000f2a00000,0x00000000f2a00000,0x00000000f3980000)
 ParOldGen       total 47616K, used 21388K [0x00000000a0000000, 0x00000000a2e80000, 0x00000000e0000000)
  object space 47616K, 44% used [0x00000000a0000000,0x00000000a14e3078,0x00000000a2e80000)
 Metaspace       used 50877K, capacity 52232K, committed 52608K, reserved 1095680K
  class space    used 6862K, capacity 7172K, committed 7296K, reserved 1048576K
Event: 20.071 GC heap after
Heap after GC invocations=12 (full 2):
 PSYoungGen      total 297472K, used 15858K [0x00000000e0000000, 0x00000000f4000000, 0x0000000100000000)
  eden space 281600K, 0% used [0x00000000e0000000,0x00000000e0000000,0x00000000f1300000)
  from space 15872K, 99% used [0x00000000f2a00000,0x00000000f397c808,0x00000000f3980000)
  to   space 23040K, 0% used [0x00000000f1300000,0x00000000f1300000,0x00000000f2980000)
 ParOldGen       total 47616K, used 33458K [0x00000000a0000000, 0x00000000a2e80000, 0x00000000e0000000)
  object space 47616K, 70% used [0x00000000a0000000,0x00000000a20aca00,0x00000000a2e80000)
 Metaspace       used 50877K, capacity 52232K, committed 52608K, reserved 1095680K
  class space    used 6862K, capacity 7172K, committed 7296K, reserved 1048576K
}

