# JRE version: Java(TM) SE Runtime Environment (8.0_121-b13) (build 1.8.0_121-b13)
# Java VM: Java HotSpot(TM) 64-Bit Server VM (25.121-b13 mixed mode windows-amd64 compressed oops)
Heap:
 PSYoungGen      total 172032K, used 85796K [0x00000000e0000000, 0x00000000ecf00000, 0x0000000100000000)
  eden space 159744K, 46% used [0x00000000e0000000,0x00000000e47cc948,0x00000000e9c00000)
  from space 12288K, 99% used [0x00000000e9c00000,0x00000000ea7fc6e8,0x00000000ea800000)
  to   space 16384K, 0% used [0x00000000ebf00000,0x00000000ebf00000,0x00000000ecf00000)
 ParOldGen       total 54784K, used 25880K [0x00000000a0000000, 0x00000000a3580000, 0x00000000e0000000)
  object space 54784K, 47% used [0x00000000a0000000,0x00000000a19462d0,0x00000000a3580000)
 Metaspace       used 50715K, capacity 52000K, committed 52224K, reserved 1093632K
  class space    used 6839K, capacity 7138K, committed 7168K, reserved 1048576K
GC Heap History (10 events):
Event: 6.381 GC heap before
{Heap before GC invocations=9 (full 1):
 PSYoungGen      total 73728K, used 73002K [0x00000000e0000000, 0x00000000e8380000, 0x0000000100000000)
  eden space 65536K, 100% used [0x00000000e0000000,0x00000000e4000000,0x00000000e4000000)
  from space 8192K, 91% used [0x00000000e4000000,0x00000000e474ab28,0x00000000e4800000)
  to   space 9216K, 0% used [0x00000000e7a80000,0x00000000e7a80000,0x00000000e8380000)
 ParOldGen       total 33792K, used 8031K [0x00000000a0000000, 0x00000000a2100000, 0x00000000e0000000)
  object space 33792K, 23% used [0x00000000a0000000,0x00000000a07d7ef0,0x00000000a2100000)
 Metaspace       used 27986K, capacity 28436K, committed 28672K, reserved 1073152K
  class space    used 3893K, capacity 4038K, committed 4096K, reserved 1048576K
Event: 6.399 GC heap after
Heap after GC invocations=9 (full 1):
 PSYoungGen      total 120320K, used 5344K [0x00000000e0000000, 0x00000000e8100000, 0x0000000100000000)
  eden space 113664K, 0% used [0x00000000e0000000,0x00000000e0000000,0x00000000e6f00000)
  from space 6656K, 80% used [0x00000000e7a80000,0x00000000e7fb8290,0x00000000e8100000)
  to   space 9216K, 0% used [0x00000000e6f00000,0x00000000e6f00000,0x00000000e7800000)
 ParOldGen       total 33792K, used 8031K [0x00000000a0000000, 0x00000000a2100000, 0x00000000e0000000)
  object space 33792K, 23% used [0x00000000a0000000,0x00000000a07d7ef0,0x00000000a2100000)
 Metaspace       used 27986K, capacity 28436K, committed 28672K, reserved 1073152K
  class space    used 3893K, capacity 4038K, committed 4096K, reserved 1048576K
}
Event: 8.377 GC heap before
{Heap before GC invocations=10 (full 1):
 PSYoungGen      total 120320K, used 114171K [0x00000000e0000000, 0x00000000e8100000, 0x0000000100000000)
  eden space 113664K, 95% used [0x00000000e0000000,0x00000000e6a46b80,0x00000000e6f00000)
  from space 6656K, 80% used [0x00000000e7a80000,0x00000000e7fb8290,0x00000000e8100000)
  to   space 9216K, 0% used [0x00000000e6f00000,0x00000000e6f00000,0x00000000e7800000)
 ParOldGen       total 33792K, used 8031K [0x00000000a0000000, 0x00000000a2100000, 0x00000000e0000000)
  object space 33792K, 23% used [0x00000000a0000000,0x00000000a07d7ef0,0x00000000a2100000)
 Metaspace       used 34518K, capacity 35052K, committed 35456K, reserved 1079296K
  class space    used 4733K, capacity 4881K, committed 4992K, reserved 1048576K
Event: 8.467 GC heap after
Heap after GC invocations=10 (full 1):
 PSYoungGen      total 122880K, used 9204K [0x00000000e0000000, 0x00000000eb600000, 0x0000000100000000)
  eden space 113664K, 0% used [0x00000000e0000000,0x00000000e0000000,0x00000000e6f00000)
  from space 9216K, 99% used [0x00000000e6f00000,0x00000000e77fd2e8,0x00000000e7800000)
  to   space 11776K, 0% used [0x00000000eaa80000,0x00000000eaa80000,0x00000000eb600000)
 ParOldGen       total 33792K, used 11472K [0x00000000a0000000, 0x00000000a2100000, 0x00000000e0000000)
  object space 33792K, 33% used [0x00000000a0000000,0x00000000a0b34278,0x00000000a2100000)
 Metaspace       used 34518K, capacity 35052K, committed 35456K, reserved 1079296K
  class space    used 4733K, capacity 4881K, committed 4992K, reserved 1048576K
}
Event: 8.467 GC heap before
{Heap before GC invocations=11 (full 2):
 PSYoungGen      total 122880K, used 9204K [0x00000000e0000000, 0x00000000eb600000, 0x0000000100000000)
  eden space 113664K, 0% used [0x00000000e0000000,0x00000000e0000000,0x00000000e6f00000)
  from space 9216K, 99% used [0x00000000e6f00000,0x00000000e77fd2e8,0x00000000e7800000)
  to   space 11776K, 0% used [0x00000000eaa80000,0x00000000eaa80000,0x00000000eb600000)
 ParOldGen       total 33792K, used 11472K [0x00000000a0000000, 0x00000000a2100000, 0x00000000e0000000)
  object space 33792K, 33% used [0x00000000a0000000,0x00000000a0b34278,0x00000000a2100000)
 Metaspace       used 34518K, capacity 35052K, committed 35456K, reserved 1079296K
  class space    used 4733K, capacity 4881K, committed 4992K, reserved 1048576K
Event: 8.910 GC heap after
Heap after GC invocations=11 (full 2):
 PSYoungGen      total 122880K, used 0K [0x00000000e0000000, 0x00000000eb600000, 0x0000000100000000)
  eden space 113664K, 0% used [0x00000000e0000000,0x00000000e0000000,0x00000000e6f00000)
  from space 9216K, 0% used [0x00000000e6f00000,0x00000000e6f00000,0x00000000e7800000)
  to   space 11776K, 0% used [0x00000000eaa80000,0x00000000eaa80000,0x00000000eb600000)
 ParOldGen       total 54784K, used 19180K [0x00000000a0000000, 0x00000000a3580000, 0x00000000e0000000)
  object space 54784K, 35% used [0x00000000a0000000,0x00000000a12bb278,0x00000000a3580000)
 Metaspace       used 34518K, capacity 35052K, committed 35456K, reserved 1079296K
  class space    used 4733K, capacity 4881K, committed 4992K, reserved 1048576K
}
Event: 10.669 GC heap before
{Heap before GC invocations=12 (full 2):
 PSYoungGen      total 122880K, used 113664K [0x00000000e0000000, 0x00000000eb600000, 0x0000000100000000)
  eden space 113664K, 100% used [0x00000000e0000000,0x00000000e6f00000,0x00000000e6f00000)
  from space 9216K, 0% used [0x00000000e6f00000,0x00000000e6f00000,0x00000000e7800000)
  to   space 11776K, 0% used [0x00000000eaa80000,0x00000000eaa80000,0x00000000eb600000)
 ParOldGen       total 54784K, used 19180K [0x00000000a0000000, 0x00000000a3580000, 0x00000000e0000000)
  object space 54784K, 35% used [0x00000000a0000000,0x00000000a12bb278,0x00000000a3580000)
 Metaspace       used 41625K, capacity 42432K, committed 42752K, reserved 1085440K
  class space    used 5660K, capacity 5860K, committed 5888K, reserved 1048576K
Event: 10.680 GC heap after
Heap after GC invocations=12 (full 2):
 PSYoungGen      total 154624K, used 9530K [0x00000000e0000000, 0x00000000eb400000, 0x0000000100000000)
  eden space 144896K, 0% used [0x00000000e0000000,0x00000000e0000000,0x00000000e8d80000)
  from space 9728K, 97% used [0x00000000eaa80000,0x00000000eb3ce8a0,0x00000000eb400000)
  to   space 12288K, 0% used [0x00000000e9c00000,0x00000000e9c00000,0x00000000ea800000)
 ParOldGen       total 54784K, used 19188K [0x00000000a0000000, 0x00000000a3580000, 0x00000000e0000000)
  object space 54784K, 35% used [0x00000000a0000000,0x00000000a12bd278,0x00000000a3580000)
 Metaspace       used 41625K, capacity 42432K, committed 42752K, reserved 1085440K
  class space    used 5660K, capacity 5860K, committed 5888K, reserved 1048576K
}
Event: 15.894 GC heap before
{Heap before GC invocations=13 (full 2):
 PSYoungGen      total 154624K, used 154426K [0x00000000e0000000, 0x00000000eb400000, 0x0000000100000000)
  eden space 144896K, 100% used [0x00000000e0000000,0x00000000e8d80000,0x00000000e8d80000)
  from space 9728K, 97% used [0x00000000eaa80000,0x00000000eb3ce8a0,0x00000000eb400000)
  to   space 12288K, 0% used [0x00000000e9c00000,0x00000000e9c00000,0x00000000ea800000)
 ParOldGen       total 54784K, used 19188K [0x00000000a0000000, 0x00000000a3580000, 0x00000000e0000000)
  object space 54784K, 35% used [0x00000000a0000000,0x00000000a12bd278,0x00000000a3580000)
 Metaspace       used 48131K, capacity 49386K, committed 49664K, reserved 1091584K
  class space    used 6554K, capacity 6809K, committed 6912K, reserved 1048576K
Event: 15.925 GC heap after
Heap after GC invocations=13 (full 2):
 PSYoungGen      total 172032K, used 12273K [0x00000000e0000000, 0x00000000ecf00000, 0x0000000100000000)
  eden space 159744K, 0% used [0x00000000e0000000,0x00000000e0000000,0x00000000e9c00000)
  from space 12288K, 99% used [0x00000000e9c00000,0x00000000ea7fc6e8,0x00000000ea800000)
  to   space 16384K, 0% used [0x00000000ebf00000,0x00000000ebf00000,0x00000000ecf00000)
 ParOldGen       total 54784K, used 25880K [0x00000000a0000000, 0x00000000a3580000, 0x00000000e0000000)
  object space 54784K, 47% used [0x00000000a0000000,0x00000000a19462d0,0x00000000a3580000)
 Metaspace       used 48131K, capacity 49386K, committed 49664K, reserved 1091584K
  class space    used 6554K, capacity 6809K, committed 6912K, reserved 1048576K
}

