# JRE version: Java(TM) SE Runtime Environment (8.0_121-b13) (build 1.8.0_121-b13)
# Java VM: Java HotSpot(TM) 64-Bit Server VM (25.121-b13 mixed mode windows-amd64 compressed oops)
Heap:
 PSYoungGen      total 173056K, used 104310K [0x00000000e0000000, 0x00000000eb900000, 0x0000000100000000)
  eden space 163328K, 58% used [0x00000000e0000000,0x00000000e5cc7cf8,0x00000000e9f80000)
  from space 9728K, 95% used [0x00000000eaf80000,0x00000000eb895d48,0x00000000eb900000)
  to   space 12288K, 0% used [0x00000000ea100000,0x00000000ea100000,0x00000000ead00000)
 ParOldGen       total 52224K, used 19272K [0x00000000a0000000, 0x00000000a3300000, 0x00000000e0000000)
  object space 52224K, 36% used [0x00000000a0000000,0x00000000a12d2048,0x00000000a3300000)
 Metaspace       used 46389K, capacity 47524K, committed 47616K, reserved 1089536K
  class space    used 6379K, capacity 6606K, committed 6656K, reserved 1048576K
GC Heap History (10 events):
Event: 5.407 GC heap before
{Heap before GC invocations=8 (full 1):
 PSYoungGen      total 73216K, used 65536K [0x00000000e0000000, 0x00000000e5000000, 0x0000000100000000)
  eden space 65536K, 100% used [0x00000000e0000000,0x00000000e4000000,0x00000000e4000000)
  from space 7680K, 0% used [0x00000000e4880000,0x00000000e4880000,0x00000000e5000000)
  to   space 8192K, 0% used [0x00000000e4000000,0x00000000e4000000,0x00000000e4800000)
 ParOldGen       total 34816K, used 8162K [0x00000000a0000000, 0x00000000a2200000, 0x00000000e0000000)
  object space 34816K, 23% used [0x00000000a0000000,0x00000000a07f8b18,0x00000000a2200000)
 Metaspace       used 25962K, capacity 26424K, committed 26624K, reserved 1073152K
  class space    used 3652K, capacity 3778K, committed 3840K, reserved 1048576K
Event: 5.654 GC heap after
Heap after GC invocations=8 (full 1):
 PSYoungGen      total 73728K, used 7383K [0x00000000e0000000, 0x00000000e8580000, 0x0000000100000000)
  eden space 65536K, 0% used [0x00000000e0000000,0x00000000e0000000,0x00000000e4000000)
  from space 8192K, 90% used [0x00000000e4000000,0x00000000e4735c68,0x00000000e4800000)
  to   space 9216K, 0% used [0x00000000e7c80000,0x00000000e7c80000,0x00000000e8580000)
 ParOldGen       total 34816K, used 8162K [0x00000000a0000000, 0x00000000a2200000, 0x00000000e0000000)
  object space 34816K, 23% used [0x00000000a0000000,0x00000000a07f8b18,0x00000000a2200000)
 Metaspace       used 25962K, capacity 26424K, committed 26624K, reserved 1073152K
  class space    used 3652K, capacity 3778K, committed 3840K, reserved 1048576K
}
Event: 6.687 GC heap before
{Heap before GC invocations=9 (full 1):
 PSYoungGen      total 73728K, used 72919K [0x00000000e0000000, 0x00000000e8580000, 0x0000000100000000)
  eden space 65536K, 100% used [0x00000000e0000000,0x00000000e4000000,0x00000000e4000000)
  from space 8192K, 90% used [0x00000000e4000000,0x00000000e4735c68,0x00000000e4800000)
  to   space 9216K, 0% used [0x00000000e7c80000,0x00000000e7c80000,0x00000000e8580000)
 ParOldGen       total 34816K, used 8162K [0x00000000a0000000, 0x00000000a2200000, 0x00000000e0000000)
  object space 34816K, 23% used [0x00000000a0000000,0x00000000a07f8b18,0x00000000a2200000)
 Metaspace       used 27968K, capacity 28432K, committed 28672K, reserved 1073152K
  class space    used 3895K, capacity 4038K, committed 4096K, reserved 1048576K
Event: 6.701 GC heap after
Heap after GC invocations=9 (full 1):
 PSYoungGen      total 122368K, used 5583K [0x00000000e0000000, 0x00000000e8300000, 0x0000000100000000)
  eden space 115712K, 0% used [0x00000000e0000000,0x00000000e0000000,0x00000000e7100000)
  from space 6656K, 83% used [0x00000000e7c80000,0x00000000e81f3c60,0x00000000e8300000)
  to   space 9216K, 0% used [0x00000000e7100000,0x00000000e7100000,0x00000000e7a00000)
 ParOldGen       total 34816K, used 8170K [0x00000000a0000000, 0x00000000a2200000, 0x00000000e0000000)
  object space 34816K, 23% used [0x00000000a0000000,0x00000000a07fab18,0x00000000a2200000)
 Metaspace       used 27968K, capacity 28432K, committed 28672K, reserved 1073152K
  class space    used 3895K, capacity 4038K, committed 4096K, reserved 1048576K
}
Event: 8.622 GC heap before
{Heap before GC invocations=10 (full 1):
 PSYoungGen      total 122368K, used 116271K [0x00000000e0000000, 0x00000000e8300000, 0x0000000100000000)
  eden space 115712K, 95% used [0x00000000e0000000,0x00000000e6c17ff0,0x00000000e7100000)
  from space 6656K, 83% used [0x00000000e7c80000,0x00000000e81f3c60,0x00000000e8300000)
  to   space 9216K, 0% used [0x00000000e7100000,0x00000000e7100000,0x00000000e7a00000)
 ParOldGen       total 34816K, used 8170K [0x00000000a0000000, 0x00000000a2200000, 0x00000000e0000000)
  object space 34816K, 23% used [0x00000000a0000000,0x00000000a07fab18,0x00000000a2200000)
 Metaspace       used 34563K, capacity 35176K, committed 35456K, reserved 1079296K
  class space    used 4740K, capacity 4945K, committed 4992K, reserved 1048576K
Event: 8.703 GC heap after
Heap after GC invocations=10 (full 1):
 PSYoungGen      total 124928K, used 9211K [0x00000000e0000000, 0x00000000ebb00000, 0x0000000100000000)
  eden space 115712K, 0% used [0x00000000e0000000,0x00000000e0000000,0x00000000e7100000)
  from space 9216K, 99% used [0x00000000e7100000,0x00000000e79fecd0,0x00000000e7a00000)
  to   space 11776K, 0% used [0x00000000eaf80000,0x00000000eaf80000,0x00000000ebb00000)
 ParOldGen       total 34816K, used 11645K [0x00000000a0000000, 0x00000000a2200000, 0x00000000e0000000)
  object space 34816K, 33% used [0x00000000a0000000,0x00000000a0b5f5a8,0x00000000a2200000)
 Metaspace       used 34563K, capacity 35176K, committed 35456K, reserved 1079296K
  class space    used 4740K, capacity 4945K, committed 4992K, reserved 1048576K
}
Event: 8.703 GC heap before
{Heap before GC invocations=11 (full 2):
 PSYoungGen      total 124928K, used 9211K [0x00000000e0000000, 0x00000000ebb00000, 0x0000000100000000)
  eden space 115712K, 0% used [0x00000000e0000000,0x00000000e0000000,0x00000000e7100000)
  from space 9216K, 99% used [0x00000000e7100000,0x00000000e79fecd0,0x00000000e7a00000)
  to   space 11776K, 0% used [0x00000000eaf80000,0x00000000eaf80000,0x00000000ebb00000)
 ParOldGen       total 34816K, used 11645K [0x00000000a0000000, 0x00000000a2200000, 0x00000000e0000000)
  object space 34816K, 33% used [0x00000000a0000000,0x00000000a0b5f5a8,0x00000000a2200000)
 Metaspace       used 34563K, capacity 35176K, committed 35456K, reserved 1079296K
  class space    used 4740K, capacity 4945K, committed 4992K, reserved 1048576K
Event: 8.811 GC heap after
Heap after GC invocations=11 (full 2):
 PSYoungGen      total 124928K, used 0K [0x00000000e0000000, 0x00000000ebb00000, 0x0000000100000000)
  eden space 115712K, 0% used [0x00000000e0000000,0x00000000e0000000,0x00000000e7100000)
  from space 9216K, 0% used [0x00000000e7100000,0x00000000e7100000,0x00000000e7a00000)
  to   space 11776K, 0% used [0x00000000eaf80000,0x00000000eaf80000,0x00000000ebb00000)
 ParOldGen       total 52224K, used 19200K [0x00000000a0000000, 0x00000000a3300000, 0x00000000e0000000)
  object space 52224K, 36% used [0x00000000a0000000,0x00000000a12c0038,0x00000000a3300000)
 Metaspace       used 34563K, capacity 35176K, committed 35456K, reserved 1079296K
  class space    used 4740K, capacity 4945K, committed 4992K, reserved 1048576K
}
Event: 10.476 GC heap before
{Heap before GC invocations=12 (full 2):
 PSYoungGen      total 124928K, used 115712K [0x00000000e0000000, 0x00000000ebb00000, 0x0000000100000000)
  eden space 115712K, 100% used [0x00000000e0000000,0x00000000e7100000,0x00000000e7100000)
  from space 9216K, 0% used [0x00000000e7100000,0x00000000e7100000,0x00000000e7a00000)
  to   space 11776K, 0% used [0x00000000eaf80000,0x00000000eaf80000,0x00000000ebb00000)
 ParOldGen       total 52224K, used 19200K [0x00000000a0000000, 0x00000000a3300000, 0x00000000e0000000)
  object space 52224K, 36% used [0x00000000a0000000,0x00000000a12c0038,0x00000000a3300000)
 Metaspace       used 41602K, capacity 42300K, committed 42752K, reserved 1085440K
  class space    used 5665K, capacity 5860K, committed 5888K, reserved 1048576K
Event: 10.493 GC heap after
Heap after GC invocations=12 (full 2):
 PSYoungGen      total 173056K, used 9303K [0x00000000e0000000, 0x00000000eb900000, 0x0000000100000000)
  eden space 163328K, 0% used [0x00000000e0000000,0x00000000e0000000,0x00000000e9f80000)
  from space 9728K, 95% used [0x00000000eaf80000,0x00000000eb895d48,0x00000000eb900000)
  to   space 12288K, 0% used [0x00000000ea100000,0x00000000ea100000,0x00000000ead00000)
 ParOldGen       total 52224K, used 19272K [0x00000000a0000000, 0x00000000a3300000, 0x00000000e0000000)
  object space 52224K, 36% used [0x00000000a0000000,0x00000000a12d2048,0x00000000a3300000)
 Metaspace       used 41602K, capacity 42300K, committed 42752K, reserved 1085440K
  class space    used 5665K, capacity 5860K, committed 5888K, reserved 1048576K
}

