# JRE version: Java(TM) SE Runtime Environment (8.0_121-b13) (build 1.8.0_121-b13)
# Java VM: Java HotSpot(TM) 64-Bit Server VM (25.121-b13 mixed mode windows-amd64 compressed oops)
Heap:
 PSYoungGen      total 272384K, used 38155K [0x00000000e0000000, 0x00000000f2a00000, 0x0000000100000000)
  eden space 250880K, 7% used [0x00000000e0000000,0x00000000e1300400,0x00000000ef500000)
  from space 21504K, 86% used [0x00000000f1500000,0x00000000f2742ae8,0x00000000f2a00000)
  to   space 27136K, 0% used [0x00000000ef500000,0x00000000ef500000,0x00000000f0f80000)
 ParOldGen       total 113664K, used 35031K [0x00000000a0000000, 0x00000000a6f00000, 0x00000000e0000000)
  object space 113664K, 30% used [0x00000000a0000000,0x00000000a2235d80,0x00000000a6f00000)
 Metaspace       used 62948K, capacity 64504K, committed 64640K, reserved 1105920K
  class space    used 8178K, capacity 8516K, committed 8576K, reserved 1048576K
GC Heap History (10 events):
Event: 26.570 GC heap before
{Heap before GC invocations=16 (full 2):
 PSYoungGen      total 195072K, used 194027K [0x00000000e0000000, 0x00000000ef880000, 0x0000000100000000)
  eden space 179200K, 100% used [0x00000000e0000000,0x00000000eaf00000,0x00000000eaf00000)
  from space 15872K, 93% used [0x00000000eaf00000,0x00000000ebd7ad18,0x00000000ebe80000)
  to   space 17920K, 0% used [0x00000000ee700000,0x00000000ee700000,0x00000000ef880000)
 ParOldGen       total 55808K, used 38150K [0x00000000a0000000, 0x00000000a3680000, 0x00000000e0000000)
  object space 55808K, 68% used [0x00000000a0000000,0x00000000a2541838,0x00000000a3680000)
 Metaspace       used 57071K, capacity 58480K, committed 58624K, reserved 1099776K
  class space    used 7613K, capacity 7912K, committed 7936K, reserved 1048576K
Event: 26.627 GC heap after
Heap after GC invocations=16 (full 2):
 PSYoungGen      total 227328K, used 17901K [0x00000000e0000000, 0x00000000f0b80000, 0x0000000100000000)
  eden space 209408K, 0% used [0x00000000e0000000,0x00000000e0000000,0x00000000ecc80000)
  from space 17920K, 99% used [0x00000000ee700000,0x00000000ef87b568,0x00000000ef880000)
  to   space 27136K, 0% used [0x00000000ecc80000,0x00000000ecc80000,0x00000000ee700000)
 ParOldGen       total 55808K, used 55519K [0x00000000a0000000, 0x00000000a3680000, 0x00000000e0000000)
  object space 55808K, 99% used [0x00000000a0000000,0x00000000a3637ce8,0x00000000a3680000)
 Metaspace       used 57071K, capacity 58480K, committed 58624K, reserved 1099776K
  class space    used 7613K, capacity 7912K, committed 7936K, reserved 1048576K
}
Event: 26.627 GC heap before
{Heap before GC invocations=17 (full 3):
 PSYoungGen      total 227328K, used 17901K [0x00000000e0000000, 0x00000000f0b80000, 0x0000000100000000)
  eden space 209408K, 0% used [0x00000000e0000000,0x00000000e0000000,0x00000000ecc80000)
  from space 17920K, 99% used [0x00000000ee700000,0x00000000ef87b568,0x00000000ef880000)
  to   space 27136K, 0% used [0x00000000ecc80000,0x00000000ecc80000,0x00000000ee700000)
 ParOldGen       total 55808K, used 55519K [0x00000000a0000000, 0x00000000a3680000, 0x00000000e0000000)
  object space 55808K, 99% used [0x00000000a0000000,0x00000000a3637ce8,0x00000000a3680000)
 Metaspace       used 57071K, capacity 58480K, committed 58624K, reserved 1099776K
  class space    used 7613K, capacity 7912K, committed 7936K, reserved 1048576K
Event: 27.019 GC heap after
Heap after GC invocations=17 (full 3):
 PSYoungGen      total 227328K, used 8573K [0x00000000e0000000, 0x00000000f0b80000, 0x0000000100000000)
  eden space 209408K, 0% used [0x00000000e0000000,0x00000000e0000000,0x00000000ecc80000)
  from space 17920K, 47% used [0x00000000ee700000,0x00000000eef5f748,0x00000000ef880000)
  to   space 27136K, 0% used [0x00000000ecc80000,0x00000000ecc80000,0x00000000ee700000)
 ParOldGen       total 113664K, used 55500K [0x00000000a0000000, 0x00000000a6f00000, 0x00000000e0000000)
  object space 113664K, 48% used [0x00000000a0000000,0x00000000a36333f0,0x00000000a6f00000)
 Metaspace       used 57071K, capacity 58480K, committed 58624K, reserved 1099776K
  class space    used 7613K, capacity 7912K, committed 7936K, reserved 1048576K
}
Event: 28.442 GC heap before
{Heap before GC invocations=18 (full 3):
 PSYoungGen      total 227328K, used 51737K [0x00000000e0000000, 0x00000000f0b80000, 0x0000000100000000)
  eden space 209408K, 20% used [0x00000000e0000000,0x00000000e2a27028,0x00000000ecc80000)
  from space 17920K, 47% used [0x00000000ee700000,0x00000000eef5f748,0x00000000ef880000)
  to   space 27136K, 0% used [0x00000000ecc80000,0x00000000ecc80000,0x00000000ee700000)
 ParOldGen       total 113664K, used 55500K [0x00000000a0000000, 0x00000000a6f00000, 0x00000000e0000000)
  object space 113664K, 48% used [0x00000000a0000000,0x00000000a36333f0,0x00000000a6f00000)
 Metaspace       used 59320K, capacity 60808K, committed 60928K, reserved 1101824K
  class space    used 7850K, capacity 8172K, committed 8192K, reserved 1048576K
Event: 28.468 GC heap after
Heap after GC invocations=18 (full 3):
 PSYoungGen      total 236544K, used 11242K [0x00000000e0000000, 0x00000000f2e00000, 0x0000000100000000)
  eden space 209408K, 0% used [0x00000000e0000000,0x00000000e0000000,0x00000000ecc80000)
  from space 27136K, 41% used [0x00000000ecc80000,0x00000000ed77a968,0x00000000ee700000)
  to   space 25600K, 0% used [0x00000000f1500000,0x00000000f1500000,0x00000000f2e00000)
 ParOldGen       total 113664K, used 55508K [0x00000000a0000000, 0x00000000a6f00000, 0x00000000e0000000)
  object space 113664K, 48% used [0x00000000a0000000,0x00000000a36353f0,0x00000000a6f00000)
 Metaspace       used 59320K, capacity 60808K, committed 60928K, reserved 1101824K
  class space    used 7850K, capacity 8172K, committed 8192K, reserved 1048576K
}
Event: 28.468 GC heap before
{Heap before GC invocations=19 (full 4):
 PSYoungGen      total 236544K, used 11242K [0x00000000e0000000, 0x00000000f2e00000, 0x0000000100000000)
  eden space 209408K, 0% used [0x00000000e0000000,0x00000000e0000000,0x00000000ecc80000)
  from space 27136K, 41% used [0x00000000ecc80000,0x00000000ed77a968,0x00000000ee700000)
  to   space 25600K, 0% used [0x00000000f1500000,0x00000000f1500000,0x00000000f2e00000)
 ParOldGen       total 113664K, used 55508K [0x00000000a0000000, 0x00000000a6f00000, 0x00000000e0000000)
  object space 113664K, 48% used [0x00000000a0000000,0x00000000a36353f0,0x00000000a6f00000)
 Metaspace       used 59320K, capacity 60808K, committed 60928K, reserved 1101824K
  class space    used 7850K, capacity 8172K, committed 8192K, reserved 1048576K
Event: 28.796 GC heap after
Heap after GC invocations=19 (full 4):
 PSYoungGen      total 236544K, used 0K [0x00000000e0000000, 0x00000000f2e00000, 0x0000000100000000)
  eden space 209408K, 0% used [0x00000000e0000000,0x00000000e0000000,0x00000000ecc80000)
  from space 27136K, 0% used [0x00000000ecc80000,0x00000000ecc80000,0x00000000ee700000)
  to   space 25600K, 0% used [0x00000000f1500000,0x00000000f1500000,0x00000000f2e00000)
 ParOldGen       total 113664K, used 35023K [0x00000000a0000000, 0x00000000a6f00000, 0x00000000e0000000)
  object space 113664K, 30% used [0x00000000a0000000,0x00000000a2233d80,0x00000000a6f00000)
 Metaspace       used 59320K, capacity 60808K, committed 60928K, reserved 1101824K
  class space    used 7850K, capacity 8172K, committed 8192K, reserved 1048576K
}
Event: 47.234 GC heap before
{Heap before GC invocations=20 (full 4):
 PSYoungGen      total 236544K, used 209408K [0x00000000e0000000, 0x00000000f2e00000, 0x0000000100000000)
  eden space 209408K, 100% used [0x00000000e0000000,0x00000000ecc80000,0x00000000ecc80000)
  from space 27136K, 0% used [0x00000000ecc80000,0x00000000ecc80000,0x00000000ee700000)
  to   space 25600K, 0% used [0x00000000f1500000,0x00000000f1500000,0x00000000f2e00000)
 ParOldGen       total 113664K, used 35023K [0x00000000a0000000, 0x00000000a6f00000, 0x00000000e0000000)
  object space 113664K, 30% used [0x00000000a0000000,0x00000000a2233d80,0x00000000a6f00000)
 Metaspace       used 62860K, capacity 64440K, committed 64640K, reserved 1105920K
  class space    used 8169K, capacity 8516K, committed 8576K, reserved 1048576K
Event: 47.264 GC heap after
Heap after GC invocations=20 (full 4):
 PSYoungGen      total 272384K, used 18698K [0x00000000e0000000, 0x00000000f2a00000, 0x0000000100000000)
  eden space 250880K, 0% used [0x00000000e0000000,0x00000000e0000000,0x00000000ef500000)
  from space 21504K, 86% used [0x00000000f1500000,0x00000000f2742ae8,0x00000000f2a00000)
  to   space 27136K, 0% used [0x00000000ef500000,0x00000000ef500000,0x00000000f0f80000)
 ParOldGen       total 113664K, used 35031K [0x00000000a0000000, 0x00000000a6f00000, 0x00000000e0000000)
  object space 113664K, 30% used [0x00000000a0000000,0x00000000a2235d80,0x00000000a6f00000)
 Metaspace       used 62860K, capacity 64440K, committed 64640K, reserved 1105920K
  class space    used 8169K, capacity 8516K, committed 8576K, reserved 1048576K
}

