# JRE version: Java(TM) SE Runtime Environment (8.0_121-b13) (build 1.8.0_121-b13)
# Java VM: Java HotSpot(TM) 64-Bit Server VM (25.121-b13 mixed mode windows-amd64 compressed oops)
Heap:
 PSYoungGen      total 162816K, used 146860K [0x00000000e0000000, 0x00000000ead80000, 0x0000000100000000)
  eden space 152064K, 90% used [0x00000000e0000000,0x00000000e861d3f8,0x00000000e9480000)
  from space 10752K, 88% used [0x00000000ea300000,0x00000000eac4de78,0x00000000ead80000)
  to   space 12800K, 0% used [0x00000000e9480000,0x00000000e9480000,0x00000000ea100000)
 ParOldGen       total 71168K, used 33720K [0x00000000a0000000, 0x00000000a4580000, 0x00000000e0000000)
  object space 71168K, 47% used [0x00000000a0000000,0x00000000a20ee170,0x00000000a4580000)
 Metaspace       used 55161K, capacity 56652K, committed 56832K, reserved 1097728K
  class space    used 7294K, capacity 7600K, committed 7680K, reserved 1048576K
GC Heap History (10 events):
Event: 46.801 GC heap before
{Heap before GC invocations=24 (full 3):
 PSYoungGen      total 136192K, used 4977K [0x00000000e0000000, 0x00000000e9180000, 0x0000000100000000)
  eden space 123392K, 0% used [0x00000000e0000000,0x00000000e0000000,0x00000000e7880000)
  from space 12800K, 38% used [0x00000000e7880000,0x00000000e7d5c420,0x00000000e8500000)
  to   space 12288K, 0% used [0x00000000e8580000,0x00000000e8580000,0x00000000e9180000)
 ParOldGen       total 42496K, used 32461K [0x00000000a0000000, 0x00000000a2980000, 0x00000000e0000000)
  object space 42496K, 76% used [0x00000000a0000000,0x00000000a1fb3508,0x00000000a2980000)
 Metaspace       used 53603K, capacity 54884K, committed 55168K, reserved 1097728K
  class space    used 7183K, capacity 7472K, committed 7552K, reserved 1048576K
Event: 47.179 GC heap after
Heap after GC invocations=24 (full 3):
 PSYoungGen      total 136192K, used 0K [0x00000000e0000000, 0x00000000e9180000, 0x0000000100000000)
  eden space 123392K, 0% used [0x00000000e0000000,0x00000000e0000000,0x00000000e7880000)
  from space 12800K, 0% used [0x00000000e7880000,0x00000000e7880000,0x00000000e8500000)
  to   space 12288K, 0% used [0x00000000e8580000,0x00000000e8580000,0x00000000e9180000)
 ParOldGen       total 42496K, used 32729K [0x00000000a0000000, 0x00000000a2980000, 0x00000000e0000000)
  object space 42496K, 77% used [0x00000000a0000000,0x00000000a1ff6458,0x00000000a2980000)
 Metaspace       used 53602K, capacity 54878K, committed 55168K, reserved 1097728K
  class space    used 7182K, capacity 7471K, committed 7552K, reserved 1048576K
}
Event: 62.440 GC heap before
{Heap before GC invocations=25 (full 3):
 PSYoungGen      total 136192K, used 123392K [0x00000000e0000000, 0x00000000e9180000, 0x0000000100000000)
  eden space 123392K, 100% used [0x00000000e0000000,0x00000000e7880000,0x00000000e7880000)
  from space 12800K, 0% used [0x00000000e7880000,0x00000000e7880000,0x00000000e8500000)
  to   space 12288K, 0% used [0x00000000e8580000,0x00000000e8580000,0x00000000e9180000)
 ParOldGen       total 42496K, used 32729K [0x00000000a0000000, 0x00000000a2980000, 0x00000000e0000000)
  object space 42496K, 77% used [0x00000000a0000000,0x00000000a1ff6458,0x00000000a2980000)
 Metaspace       used 54166K, capacity 55542K, committed 55680K, reserved 1097728K
  class space    used 7224K, capacity 7511K, committed 7552K, reserved 1048576K
Event: 62.452 GC heap after
Heap after GC invocations=25 (full 3):
 PSYoungGen      total 137216K, used 5653K [0x00000000e0000000, 0x00000000eaf00000, 0x0000000100000000)
  eden space 124928K, 0% used [0x00000000e0000000,0x00000000e0000000,0x00000000e7a00000)
  from space 12288K, 46% used [0x00000000e8580000,0x00000000e8b05558,0x00000000e9180000)
  to   space 11776K, 0% used [0x00000000e7a00000,0x00000000e7a00000,0x00000000e8580000)
 ParOldGen       total 42496K, used 32737K [0x00000000a0000000, 0x00000000a2980000, 0x00000000e0000000)
  object space 42496K, 77% used [0x00000000a0000000,0x00000000a1ff8458,0x00000000a2980000)
 Metaspace       used 54166K, capacity 55542K, committed 55680K, reserved 1097728K
  class space    used 7224K, capacity 7511K, committed 7552K, reserved 1048576K
}
Event: 67.644 GC heap before
{Heap before GC invocations=26 (full 3):
 PSYoungGen      total 137216K, used 130581K [0x00000000e0000000, 0x00000000eaf00000, 0x0000000100000000)
  eden space 124928K, 100% used [0x00000000e0000000,0x00000000e7a00000,0x00000000e7a00000)
  from space 12288K, 46% used [0x00000000e8580000,0x00000000e8b05558,0x00000000e9180000)
  to   space 11776K, 0% used [0x00000000e7a00000,0x00000000e7a00000,0x00000000e8580000)
 ParOldGen       total 42496K, used 32737K [0x00000000a0000000, 0x00000000a2980000, 0x00000000e0000000)
  object space 42496K, 77% used [0x00000000a0000000,0x00000000a1ff8458,0x00000000a2980000)
 Metaspace       used 54408K, capacity 55848K, committed 55936K, reserved 1097728K
  class space    used 7235K, capacity 7530K, committed 7552K, reserved 1048576K
Event: 67.661 GC heap after
Heap after GC invocations=26 (full 3):
 PSYoungGen      total 136704K, used 2208K [0x00000000e0000000, 0x00000000eae80000, 0x0000000100000000)
  eden space 124928K, 0% used [0x00000000e0000000,0x00000000e0000000,0x00000000e7a00000)
  from space 11776K, 18% used [0x00000000e7a00000,0x00000000e7c28000,0x00000000e8580000)
  to   space 11776K, 0% used [0x00000000ea300000,0x00000000ea300000,0x00000000eae80000)
 ParOldGen       total 42496K, used 36509K [0x00000000a0000000, 0x00000000a2980000, 0x00000000e0000000)
  object space 42496K, 85% used [0x00000000a0000000,0x00000000a23a74e0,0x00000000a2980000)
 Metaspace       used 54408K, capacity 55848K, committed 55936K, reserved 1097728K
  class space    used 7235K, capacity 7530K, committed 7552K, reserved 1048576K
}
Event: 67.661 GC heap before
{Heap before GC invocations=27 (full 4):
 PSYoungGen      total 136704K, used 2208K [0x00000000e0000000, 0x00000000eae80000, 0x0000000100000000)
  eden space 124928K, 0% used [0x00000000e0000000,0x00000000e0000000,0x00000000e7a00000)
  from space 11776K, 18% used [0x00000000e7a00000,0x00000000e7c28000,0x00000000e8580000)
  to   space 11776K, 0% used [0x00000000ea300000,0x00000000ea300000,0x00000000eae80000)
 ParOldGen       total 42496K, used 36509K [0x00000000a0000000, 0x00000000a2980000, 0x00000000e0000000)
  object space 42496K, 85% used [0x00000000a0000000,0x00000000a23a74e0,0x00000000a2980000)
 Metaspace       used 54408K, capacity 55848K, committed 55936K, reserved 1097728K
  class space    used 7235K, capacity 7530K, committed 7552K, reserved 1048576K
Event: 67.981 GC heap after
Heap after GC invocations=27 (full 4):
 PSYoungGen      total 136704K, used 0K [0x00000000e0000000, 0x00000000eae80000, 0x0000000100000000)
  eden space 124928K, 0% used [0x00000000e0000000,0x00000000e0000000,0x00000000e7a00000)
  from space 11776K, 0% used [0x00000000e7a00000,0x00000000e7a00000,0x00000000e8580000)
  to   space 11776K, 0% used [0x00000000ea300000,0x00000000ea300000,0x00000000eae80000)
 ParOldGen       total 71168K, used 33712K [0x00000000a0000000, 0x00000000a4580000, 0x00000000e0000000)
  object space 71168K, 47% used [0x00000000a0000000,0x00000000a20ec170,0x00000000a4580000)
 Metaspace       used 54408K, capacity 55848K, committed 55936K, reserved 1097728K
  class space    used 7235K, capacity 7530K, committed 7552K, reserved 1048576K
}
Event: 70.397 GC heap before
{Heap before GC invocations=28 (full 4):
 PSYoungGen      total 136704K, used 124928K [0x00000000e0000000, 0x00000000eae80000, 0x0000000100000000)
  eden space 124928K, 100% used [0x00000000e0000000,0x00000000e7a00000,0x00000000e7a00000)
  from space 11776K, 0% used [0x00000000e7a00000,0x00000000e7a00000,0x00000000e8580000)
  to   space 11776K, 0% used [0x00000000ea300000,0x00000000ea300000,0x00000000eae80000)
 ParOldGen       total 71168K, used 33712K [0x00000000a0000000, 0x00000000a4580000, 0x00000000e0000000)
  object space 71168K, 47% used [0x00000000a0000000,0x00000000a20ec170,0x00000000a4580000)
 Metaspace       used 55145K, capacity 56652K, committed 56832K, reserved 1097728K
  class space    used 7294K, capacity 7600K, committed 7680K, reserved 1048576K
Event: 70.433 GC heap after
Heap after GC invocations=28 (full 4):
 PSYoungGen      total 162816K, used 9527K [0x00000000e0000000, 0x00000000ead80000, 0x0000000100000000)
  eden space 152064K, 0% used [0x00000000e0000000,0x00000000e0000000,0x00000000e9480000)
  from space 10752K, 88% used [0x00000000ea300000,0x00000000eac4de78,0x00000000ead80000)
  to   space 12800K, 0% used [0x00000000e9480000,0x00000000e9480000,0x00000000ea100000)
 ParOldGen       total 71168K, used 33720K [0x00000000a0000000, 0x00000000a4580000, 0x00000000e0000000)
  object space 71168K, 47% used [0x00000000a0000000,0x00000000a20ee170,0x00000000a4580000)
 Metaspace       used 55145K, capacity 56652K, committed 56832K, reserved 1097728K
  class space    used 7294K, capacity 7600K, committed 7680K, reserved 1048576K
}

