# JRE version: Java(TM) SE Runtime Environment (8.0_121-b13) (build 1.8.0_121-b13)
# Java VM: Java HotSpot(TM) 64-Bit Server VM (25.121-b13 mixed mode windows-amd64 compressed oops)
Heap:
 PSYoungGen      total 73216K, used 65536K [0x00000000e0000000, 0x00000000e5000000, 0x0000000100000000)
  eden space 65536K, 100% used [0x00000000e0000000,0x00000000e4000000,0x00000000e4000000)
  from space 7680K, 0% used [0x00000000e4880000,0x00000000e4880000,0x00000000e5000000)
  to   space 8192K, 28% used [0x00000000e4000000,0x00000000e4240010,0x00000000e4800000)
 ParOldGen       total 36352K, used 11174K [0x00000000a0000000, 0x00000000a2380000, 0x00000000e0000000)
  object space 36352K, 30% used [0x00000000a0000000,0x00000000a0ae9bc0,0x00000000a2380000)
 Metaspace       used 25955K, capacity 26432K, committed 26624K, reserved 1073152K
  class space    used 3642K, capacity 3778K, committed 3840K, reserved 1048576K
GC Heap History (10 events):
Event: 1.768 GC heap after
Heap after GC invocations=3 (full 0):
 PSYoungGen      total 18944K, used 2528K [0x00000000e0000000, 0x00000000e2500000, 0x0000000100000000)
  eden space 16384K, 0% used [0x00000000e0000000,0x00000000e0000000,0x00000000e1000000)
  from space 2560K, 98% used [0x00000000e1000000,0x00000000e1278020,0x00000000e1280000)
  to   space 2560K, 0% used [0x00000000e2280000,0x00000000e2280000,0x00000000e2500000)
 ParOldGen       total 44032K, used 2120K [0x00000000a0000000, 0x00000000a2b00000, 0x00000000e0000000)
  object space 44032K, 4% used [0x00000000a0000000,0x00000000a0212248,0x00000000a2b00000)
 Metaspace       used 11341K, capacity 11684K, committed 11904K, reserved 1058816K
  class space    used 1487K, capacity 1592K, committed 1664K, reserved 1048576K
}
Event: 2.051 GC heap before
{Heap before GC invocations=4 (full 0):
 PSYoungGen      total 18944K, used 18912K [0x00000000e0000000, 0x00000000e2500000, 0x0000000100000000)
  eden space 16384K, 100% used [0x00000000e0000000,0x00000000e1000000,0x00000000e1000000)
  from space 2560K, 98% used [0x00000000e1000000,0x00000000e1278020,0x00000000e1280000)
  to   space 2560K, 0% used [0x00000000e2280000,0x00000000e2280000,0x00000000e2500000)
 ParOldGen       total 44032K, used 2120K [0x00000000a0000000, 0x00000000a2b00000, 0x00000000e0000000)
  object space 44032K, 4% used [0x00000000a0000000,0x00000000a0212268,0x00000000a2b00000)
 Metaspace       used 12928K, capacity 13282K, committed 13440K, reserved 1060864K
  class space    used 1774K, capacity 1885K, committed 1920K, reserved 1048576K
Event: 2.060 GC heap after
Heap after GC invocations=4 (full 0):
 PSYoungGen      total 35328K, used 2544K [0x00000000e0000000, 0x00000000e2500000, 0x0000000100000000)
  eden space 32768K, 0% used [0x00000000e0000000,0x00000000e0000000,0x00000000e2000000)
  from space 2560K, 99% used [0x00000000e2280000,0x00000000e24fc010,0x00000000e2500000)
  to   space 2560K, 0% used [0x00000000e2000000,0x00000000e2000000,0x00000000e2280000)
 ParOldGen       total 44032K, used 4027K [0x00000000a0000000, 0x00000000a2b00000, 0x00000000e0000000)
  object space 44032K, 9% used [0x00000000a0000000,0x00000000a03eedd0,0x00000000a2b00000)
 Metaspace       used 12928K, capacity 13282K, committed 13440K, reserved 1060864K
  class space    used 1774K, capacity 1885K, committed 1920K, reserved 1048576K
}
Event: 3.005 GC heap before
{Heap before GC invocations=5 (full 0):
 PSYoungGen      total 35328K, used 35312K [0x00000000e0000000, 0x00000000e2500000, 0x0000000100000000)
  eden space 32768K, 100% used [0x00000000e0000000,0x00000000e2000000,0x00000000e2000000)
  from space 2560K, 99% used [0x00000000e2280000,0x00000000e24fc010,0x00000000e2500000)
  to   space 2560K, 0% used [0x00000000e2000000,0x00000000e2000000,0x00000000e2280000)
 ParOldGen       total 44032K, used 4034K [0x00000000a0000000, 0x00000000a2b00000, 0x00000000e0000000)
  object space 44032K, 9% used [0x00000000a0000000,0x00000000a03f0988,0x00000000a2b00000)
 Metaspace       used 18894K, capacity 19232K, committed 19456K, reserved 1067008K
  class space    used 2569K, capacity 2691K, committed 2816K, reserved 1048576K
Event: 3.042 GC heap after
Heap after GC invocations=5 (full 0):
 PSYoungGen      total 35328K, used 2544K [0x00000000e0000000, 0x00000000e5100000, 0x0000000100000000)
  eden space 32768K, 0% used [0x00000000e0000000,0x00000000e0000000,0x00000000e2000000)
  from space 2560K, 99% used [0x00000000e2000000,0x00000000e227c010,0x00000000e2280000)
  to   space 8704K, 0% used [0x00000000e4880000,0x00000000e4880000,0x00000000e5100000)
 ParOldGen       total 44032K, used 10021K [0x00000000a0000000, 0x00000000a2b00000, 0x00000000e0000000)
  object space 44032K, 22% used [0x00000000a0000000,0x00000000a09c9420,0x00000000a2b00000)
 Metaspace       used 18894K, capacity 19232K, committed 19456K, reserved 1067008K
  class space    used 2569K, capacity 2691K, committed 2816K, reserved 1048576K
}
Event: 3.446 GC heap before
{Heap before GC invocations=6 (full 0):
 PSYoungGen      total 35328K, used 21946K [0x00000000e0000000, 0x00000000e5100000, 0x0000000100000000)
  eden space 32768K, 59% used [0x00000000e0000000,0x00000000e12f2a38,0x00000000e2000000)
  from space 2560K, 99% used [0x00000000e2000000,0x00000000e227c010,0x00000000e2280000)
  to   space 8704K, 0% used [0x00000000e4880000,0x00000000e4880000,0x00000000e5100000)
 ParOldGen       total 44032K, used 10021K [0x00000000a0000000, 0x00000000a2b00000, 0x00000000e0000000)
  object space 44032K, 22% used [0x00000000a0000000,0x00000000a09c9420,0x00000000a2b00000)
 Metaspace       used 20782K, capacity 21162K, committed 21296K, reserved 1067008K
  class space    used 2769K, capacity 2924K, committed 2944K, reserved 1048576K
Event: 3.621 GC heap after
Heap after GC invocations=6 (full 0):
 PSYoungGen      total 73216K, used 4768K [0x00000000e0000000, 0x00000000e5000000, 0x0000000100000000)
  eden space 65536K, 0% used [0x00000000e0000000,0x00000000e0000000,0x00000000e4000000)
  from space 7680K, 62% used [0x00000000e4880000,0x00000000e4d280b8,0x00000000e5000000)
  to   space 8192K, 0% used [0x00000000e4000000,0x00000000e4000000,0x00000000e4800000)
 ParOldGen       total 44032K, used 10021K [0x00000000a0000000, 0x00000000a2b00000, 0x00000000e0000000)
  object space 44032K, 22% used [0x00000000a0000000,0x00000000a09c9420,0x00000000a2b00000)
 Metaspace       used 20782K, capacity 21162K, committed 21296K, reserved 1067008K
  class space    used 2769K, capacity 2924K, committed 2944K, reserved 1048576K
}
Event: 3.621 GC heap before
{Heap before GC invocations=7 (full 1):
 PSYoungGen      total 73216K, used 4768K [0x00000000e0000000, 0x00000000e5000000, 0x0000000100000000)
  eden space 65536K, 0% used [0x00000000e0000000,0x00000000e0000000,0x00000000e4000000)
  from space 7680K, 62% used [0x00000000e4880000,0x00000000e4d280b8,0x00000000e5000000)
  to   space 8192K, 0% used [0x00000000e4000000,0x00000000e4000000,0x00000000e4800000)
 ParOldGen       total 44032K, used 10021K [0x00000000a0000000, 0x00000000a2b00000, 0x00000000e0000000)
  object space 44032K, 22% used [0x00000000a0000000,0x00000000a09c9420,0x00000000a2b00000)
 Metaspace       used 20782K, capacity 21162K, committed 21296K, reserved 1067008K
  class space    used 2769K, capacity 2924K, committed 2944K, reserved 1048576K
Event: 3.709 GC heap after
Heap after GC invocations=7 (full 1):
 PSYoungGen      total 73216K, used 0K [0x00000000e0000000, 0x00000000e5000000, 0x0000000100000000)
  eden space 65536K, 0% used [0x00000000e0000000,0x00000000e0000000,0x00000000e4000000)
  from space 7680K, 0% used [0x00000000e4880000,0x00000000e4880000,0x00000000e5000000)
  to   space 8192K, 0% used [0x00000000e4000000,0x00000000e4000000,0x00000000e4800000)
 ParOldGen       total 36352K, used 11174K [0x00000000a0000000, 0x00000000a2380000, 0x00000000e0000000)
  object space 36352K, 30% used [0x00000000a0000000,0x00000000a0ae9bc0,0x00000000a2380000)
 Metaspace       used 20782K, capacity 21162K, committed 21296K, reserved 1067008K
  class space    used 2769K, capacity 2924K, committed 2944K, reserved 1048576K
}
Event: 5.081 GC heap before
{Heap before GC invocations=8 (full 1):
 PSYoungGen      total 73216K, used 65536K [0x00000000e0000000, 0x00000000e5000000, 0x0000000100000000)
  eden space 65536K, 100% used [0x00000000e0000000,0x00000000e4000000,0x00000000e4000000)
  from space 7680K, 0% used [0x00000000e4880000,0x00000000e4880000,0x00000000e5000000)
  to   space 8192K, 0% used [0x00000000e4000000,0x00000000e4000000,0x00000000e4800000)
 ParOldGen       total 36352K, used 11174K [0x00000000a0000000, 0x00000000a2380000, 0x00000000e0000000)
  object space 36352K, 30% used [0x00000000a0000000,0x00000000a0ae9bc0,0x00000000a2380000)
 Metaspace       used 25955K, capacity 26432K, committed 26624K, reserved 1073152K
  class space    used 3642K, capacity 3778K, committed 3840K, reserved 1048576K

