# JRE version: Java(TM) SE Runtime Environment (8.0_121-b13) (build 1.8.0_121-b13)
# Java VM: Java HotSpot(TM) 64-Bit Server VM (25.121-b13 mixed mode windows-amd64 compressed oops)
Heap:
 PSYoungGen      total 267776K, used 241664K [0x00000000e0000000, 0x00000000f2100000, 0x0000000100000000)
  eden space 241664K, 100% used [0x00000000e0000000,0x00000000eec00000,0x00000000eec00000)
  from space 26112K, 0% used [0x00000000f0400000,0x00000000f0400000,0x00000000f1d80000)
  to   space 24576K, 81% used [0x00000000eec00000,0x00000000eff93888,0x00000000f0400000)
 ParOldGen       total 113664K, used 35062K [0x00000000a0000000, 0x00000000a6f00000, 0x00000000e0000000)
  object space 113664K, 30% used [0x00000000a0000000,0x00000000a223da78,0x00000000a6f00000)
 Metaspace       used 63040K, capacity 64650K, committed 64896K, reserved 1105920K
  class space    used 8192K, capacity 8519K, committed 8576K, reserved 1048576K
GC Heap History (10 events):
Event: 23.488 GC heap after
Heap after GC invocations=16 (full 2):
 PSYoungGen      total 217088K, used 14896K [0x00000000e0000000, 0x00000000ee880000, 0x0000000100000000)
  eden space 201728K, 0% used [0x00000000e0000000,0x00000000e0000000,0x00000000ec500000)
  from space 15360K, 96% used [0x00000000ed980000,0x00000000ee80c188,0x00000000ee880000)
  to   space 17408K, 0% used [0x00000000ec680000,0x00000000ec680000,0x00000000ed780000)
 ParOldGen       total 53760K, used 29972K [0x00000000a0000000, 0x00000000a3480000, 0x00000000e0000000)
  object space 53760K, 55% used [0x00000000a0000000,0x00000000a1d45090,0x00000000a3480000)
 Metaspace       used 52633K, capacity 54066K, committed 54272K, reserved 1095680K
  class space    used 7064K, capacity 7359K, committed 7424K, reserved 1048576K
}
Event: 29.200 GC heap before
{Heap before GC invocations=17 (full 2):
 PSYoungGen      total 217088K, used 190654K [0x00000000e0000000, 0x00000000ee880000, 0x0000000100000000)
  eden space 201728K, 87% used [0x00000000e0000000,0x00000000eaba3a40,0x00000000ec500000)
  from space 15360K, 96% used [0x00000000ed980000,0x00000000ee80c188,0x00000000ee880000)
  to   space 17408K, 0% used [0x00000000ec680000,0x00000000ec680000,0x00000000ed780000)
 ParOldGen       total 53760K, used 29972K [0x00000000a0000000, 0x00000000a3480000, 0x00000000e0000000)
  object space 53760K, 55% used [0x00000000a0000000,0x00000000a1d45090,0x00000000a3480000)
 Metaspace       used 57551K, capacity 58928K, committed 59096K, reserved 1099776K
  class space    used 7667K, capacity 7976K, committed 8064K, reserved 1048576K
Event: 29.241 GC heap after
Heap after GC invocations=17 (full 2):
 PSYoungGen      total 220672K, used 17379K [0x00000000e0000000, 0x00000000f1d80000, 0x0000000100000000)
  eden space 203264K, 0% used [0x00000000e0000000,0x00000000e0000000,0x00000000ec680000)
  from space 17408K, 99% used [0x00000000ec680000,0x00000000ed778eb0,0x00000000ed780000)
  to   space 26112K, 0% used [0x00000000f0400000,0x00000000f0400000,0x00000000f1d80000)
 ParOldGen       total 53760K, used 47132K [0x00000000a0000000, 0x00000000a3480000, 0x00000000e0000000)
  object space 53760K, 87% used [0x00000000a0000000,0x00000000a2e072f0,0x00000000a3480000)
 Metaspace       used 57551K, capacity 58928K, committed 59096K, reserved 1099776K
  class space    used 7667K, capacity 7976K, committed 8064K, reserved 1048576K
}
Event: 29.241 GC heap before
{Heap before GC invocations=18 (full 3):
 PSYoungGen      total 220672K, used 17379K [0x00000000e0000000, 0x00000000f1d80000, 0x0000000100000000)
  eden space 203264K, 0% used [0x00000000e0000000,0x00000000e0000000,0x00000000ec680000)
  from space 17408K, 99% used [0x00000000ec680000,0x00000000ed778eb0,0x00000000ed780000)
  to   space 26112K, 0% used [0x00000000f0400000,0x00000000f0400000,0x00000000f1d80000)
 ParOldGen       total 53760K, used 47132K [0x00000000a0000000, 0x00000000a3480000, 0x00000000e0000000)
  object space 53760K, 87% used [0x00000000a0000000,0x00000000a2e072f0,0x00000000a3480000)
 Metaspace       used 57551K, capacity 58928K, committed 59096K, reserved 1099776K
  class space    used 7667K, capacity 7976K, committed 8064K, reserved 1048576K
Event: 29.695 GC heap after
Heap after GC invocations=18 (full 3):
 PSYoungGen      total 220672K, used 7018K [0x00000000e0000000, 0x00000000f1d80000, 0x0000000100000000)
  eden space 203264K, 0% used [0x00000000e0000000,0x00000000e0000000,0x00000000ec680000)
  from space 17408K, 40% used [0x00000000ec680000,0x00000000ecd5a938,0x00000000ed780000)
  to   space 26112K, 0% used [0x00000000f0400000,0x00000000f0400000,0x00000000f1d80000)
 ParOldGen       total 113664K, used 53365K [0x00000000a0000000, 0x00000000a6f00000, 0x00000000e0000000)
  object space 113664K, 46% used [0x00000000a0000000,0x00000000a341d5e8,0x00000000a6f00000)
 Metaspace       used 57551K, capacity 58928K, committed 59096K, reserved 1099776K
  class space    used 7667K, capacity 7976K, committed 8064K, reserved 1048576K
}
Event: 32.638 GC heap before
{Heap before GC invocations=19 (full 3):
 PSYoungGen      total 220672K, used 44130K [0x00000000e0000000, 0x00000000f1d80000, 0x0000000100000000)
  eden space 203264K, 18% used [0x00000000e0000000,0x00000000e243e298,0x00000000ec680000)
  from space 17408K, 40% used [0x00000000ec680000,0x00000000ecd5a938,0x00000000ed780000)
  to   space 26112K, 0% used [0x00000000f0400000,0x00000000f0400000,0x00000000f1d80000)
 ParOldGen       total 113664K, used 53365K [0x00000000a0000000, 0x00000000a6f00000, 0x00000000e0000000)
  object space 113664K, 46% used [0x00000000a0000000,0x00000000a341d5e8,0x00000000a6f00000)
 Metaspace       used 59256K, capacity 60744K, committed 60928K, reserved 1101824K
  class space    used 7849K, capacity 8172K, committed 8192K, reserved 1048576K
Event: 32.661 GC heap after
Heap after GC invocations=19 (full 3):
 PSYoungGen      total 267776K, used 9721K [0x00000000e0000000, 0x00000000f2100000, 0x0000000100000000)
  eden space 241664K, 0% used [0x00000000e0000000,0x00000000e0000000,0x00000000eec00000)
  from space 26112K, 37% used [0x00000000f0400000,0x00000000f0d7e6d8,0x00000000f1d80000)
  to   space 24576K, 0% used [0x00000000eec00000,0x00000000eec00000,0x00000000f0400000)
 ParOldGen       total 113664K, used 53861K [0x00000000a0000000, 0x00000000a6f00000, 0x00000000e0000000)
  object space 113664K, 47% used [0x00000000a0000000,0x00000000a34996f8,0x00000000a6f00000)
 Metaspace       used 59256K, capacity 60744K, committed 60928K, reserved 1101824K
  class space    used 7849K, capacity 8172K, committed 8192K, reserved 1048576K
}
Event: 32.661 GC heap before
{Heap before GC invocations=20 (full 4):
 PSYoungGen      total 267776K, used 9721K [0x00000000e0000000, 0x00000000f2100000, 0x0000000100000000)
  eden space 241664K, 0% used [0x00000000e0000000,0x00000000e0000000,0x00000000eec00000)
  from space 26112K, 37% used [0x00000000f0400000,0x00000000f0d7e6d8,0x00000000f1d80000)
  to   space 24576K, 0% used [0x00000000eec00000,0x00000000eec00000,0x00000000f0400000)
 ParOldGen       total 113664K, used 53861K [0x00000000a0000000, 0x00000000a6f00000, 0x00000000e0000000)
  object space 113664K, 47% used [0x00000000a0000000,0x00000000a34996f8,0x00000000a6f00000)
 Metaspace       used 59256K, capacity 60744K, committed 60928K, reserved 1101824K
  class space    used 7849K, capacity 8172K, committed 8192K, reserved 1048576K
Event: 32.967 GC heap after
Heap after GC invocations=20 (full 4):
 PSYoungGen      total 267776K, used 0K [0x00000000e0000000, 0x00000000f2100000, 0x0000000100000000)
  eden space 241664K, 0% used [0x00000000e0000000,0x00000000e0000000,0x00000000eec00000)
  from space 26112K, 0% used [0x00000000f0400000,0x00000000f0400000,0x00000000f1d80000)
  to   space 24576K, 0% used [0x00000000eec00000,0x00000000eec00000,0x00000000f0400000)
 ParOldGen       total 113664K, used 35054K [0x00000000a0000000, 0x00000000a6f00000, 0x00000000e0000000)
  object space 113664K, 30% used [0x00000000a0000000,0x00000000a223ba78,0x00000000a6f00000)
 Metaspace       used 59256K, capacity 60744K, committed 60928K, reserved 1101824K
  class space    used 7849K, capacity 8172K, committed 8192K, reserved 1048576K
}
Event: 79.469 GC heap before
{Heap before GC invocations=21 (full 4):
 PSYoungGen      total 267776K, used 241664K [0x00000000e0000000, 0x00000000f2100000, 0x0000000100000000)
  eden space 241664K, 100% used [0x00000000e0000000,0x00000000eec00000,0x00000000eec00000)
  from space 26112K, 0% used [0x00000000f0400000,0x00000000f0400000,0x00000000f1d80000)
  to   space 24576K, 0% used [0x00000000eec00000,0x00000000eec00000,0x00000000f0400000)
 ParOldGen       total 113664K, used 35054K [0x00000000a0000000, 0x00000000a6f00000, 0x00000000e0000000)
  object space 113664K, 30% used [0x00000000a0000000,0x00000000a223ba78,0x00000000a6f00000)
 Metaspace       used 63040K, capacity 64650K, committed 64896K, reserved 1105920K
  class space    used 8192K, capacity 8519K, committed 8576K, reserved 1048576K

