# JRE version: Java(TM) SE Runtime Environment (8.0_121-b13) (build 1.8.0_121-b13)
# Java VM: Java HotSpot(TM) 64-Bit Server VM (25.121-b13 mixed mode windows-amd64 compressed oops)
Heap:
 PSYoungGen      total 466432K, used 90097K [0x00000000e0000000, 0x0000000100000000, 0x0000000100000000)
  eden space 422912K, 11% used [0x00000000e0000000,0x00000000e2db4ed8,0x00000000f9d00000)
  from space 43520K, 99% used [0x00000000fd580000,0x00000000fffc77b8,0x0000000100000000)
  to   space 50688K, 0% used [0x00000000f9d00000,0x00000000f9d00000,0x00000000fce80000)
 ParOldGen       total 173056K, used 60251K [0x00000000a0000000, 0x00000000aa900000, 0x00000000e0000000)
  object space 173056K, 34% used [0x00000000a0000000,0x00000000a3ad6df8,0x00000000aa900000)
 Metaspace       used 78730K, capacity 84028K, committed 86400K, reserved 1124352K
  class space    used 10112K, capacity 10833K, committed 11392K, reserved 1048576K
GC Heap History (10 events):
Event: 4492.552 GC heap before
{Heap before GC invocations=59 (full 14):
 PSYoungGen      total 477184K, used 244310K [0x00000000e0000000, 0x00000000ff680000, 0x0000000100000000)
  eden space 439808K, 51% used [0x00000000e0000000,0x00000000edc1b3d8,0x00000000fad80000)
  from space 37376K, 50% used [0x00000000fd180000,0x00000000fe3fa5a8,0x00000000ff600000)
  to   space 36864K, 0% used [0x00000000fad80000,0x00000000fad80000,0x00000000fd180000)
 ParOldGen       total 173056K, used 41175K [0x00000000a0000000, 0x00000000aa900000, 0x00000000e0000000)
  object space 173056K, 23% used [0x00000000a0000000,0x00000000a2835de8,0x00000000aa900000)
 Metaspace       used 77276K, capacity 81890K, committed 85888K, reserved 1124352K
  class space    used 9874K, capacity 10486K, committed 11392K, reserved 1048576K
Event: 4493.387 GC heap after
Heap after GC invocations=59 (full 14):
 PSYoungGen      total 476672K, used 20617K [0x00000000e0000000, 0x00000000ff780000, 0x0000000100000000)
  eden space 439808K, 0% used [0x00000000e0000000,0x00000000e0000000,0x00000000fad80000)
  from space 36864K, 55% used [0x00000000fad80000,0x00000000fc1a2680,0x00000000fd180000)
  to   space 37376K, 0% used [0x00000000fd300000,0x00000000fd300000,0x00000000ff780000)
 ParOldGen       total 173056K, used 41183K [0x00000000a0000000, 0x00000000aa900000, 0x00000000e0000000)
  object space 173056K, 23% used [0x00000000a0000000,0x00000000a2837de8,0x00000000aa900000)
 Metaspace       used 77276K, capacity 81890K, committed 85888K, reserved 1124352K
  class space    used 9874K, capacity 10486K, committed 11392K, reserved 1048576K
}
Event: 4493.387 GC heap before
{Heap before GC invocations=60 (full 15):
 PSYoungGen      total 476672K, used 20617K [0x00000000e0000000, 0x00000000ff780000, 0x0000000100000000)
  eden space 439808K, 0% used [0x00000000e0000000,0x00000000e0000000,0x00000000fad80000)
  from space 36864K, 55% used [0x00000000fad80000,0x00000000fc1a2680,0x00000000fd180000)
  to   space 37376K, 0% used [0x00000000fd300000,0x00000000fd300000,0x00000000ff780000)
 ParOldGen       total 173056K, used 41183K [0x00000000a0000000, 0x00000000aa900000, 0x00000000e0000000)
  object space 173056K, 23% used [0x00000000a0000000,0x00000000a2837de8,0x00000000aa900000)
 Metaspace       used 77276K, capacity 81890K, committed 85888K, reserved 1124352K
  class space    used 9874K, capacity 10486K, committed 11392K, reserved 1048576K
Event: 4494.016 GC heap after
Heap after GC invocations=60 (full 15):
 PSYoungGen      total 476672K, used 0K [0x00000000e0000000, 0x00000000ff780000, 0x0000000100000000)
  eden space 439808K, 0% used [0x00000000e0000000,0x00000000e0000000,0x00000000fad80000)
  from space 36864K, 0% used [0x00000000fad80000,0x00000000fad80000,0x00000000fd180000)
  to   space 37376K, 0% used [0x00000000fd300000,0x00000000fd300000,0x00000000ff780000)
 ParOldGen       total 173056K, used 59854K [0x00000000a0000000, 0x00000000aa900000, 0x00000000e0000000)
  object space 173056K, 34% used [0x00000000a0000000,0x00000000a3a73af0,0x00000000aa900000)
 Metaspace       used 77249K, capacity 81802K, committed 85888K, reserved 1124352K
  class space    used 9866K, capacity 10478K, committed 11392K, reserved 1048576K
}
Event: 4520.375 GC heap before
{Heap before GC invocations=61 (full 15):
 PSYoungGen      total 476672K, used 439808K [0x00000000e0000000, 0x00000000ff780000, 0x0000000100000000)
  eden space 439808K, 100% used [0x00000000e0000000,0x00000000fad80000,0x00000000fad80000)
  from space 36864K, 0% used [0x00000000fad80000,0x00000000fad80000,0x00000000fd180000)
  to   space 37376K, 0% used [0x00000000fd300000,0x00000000fd300000,0x00000000ff780000)
 ParOldGen       total 173056K, used 59854K [0x00000000a0000000, 0x00000000aa900000, 0x00000000e0000000)
  object space 173056K, 34% used [0x00000000a0000000,0x00000000a3a73af0,0x00000000aa900000)
 Metaspace       used 77445K, capacity 82152K, committed 85888K, reserved 1124352K
  class space    used 9893K, capacity 10519K, committed 11392K, reserved 1048576K
Event: 4520.637 GC heap after
Heap after GC invocations=61 (full 15):
 PSYoungGen      total 478208K, used 20030K [0x00000000e0000000, 0x00000000ffd80000, 0x0000000100000000)
  eden space 440832K, 0% used [0x00000000e0000000,0x00000000e0000000,0x00000000fae80000)
  from space 37376K, 53% used [0x00000000fd300000,0x00000000fe68f9f0,0x00000000ff780000)
  to   space 37376K, 0% used [0x00000000fae80000,0x00000000fae80000,0x00000000fd300000)
 ParOldGen       total 173056K, used 59854K [0x00000000a0000000, 0x00000000aa900000, 0x00000000e0000000)
  object space 173056K, 34% used [0x00000000a0000000,0x00000000a3a73af0,0x00000000aa900000)
 Metaspace       used 77445K, capacity 82152K, committed 85888K, reserved 1124352K
  class space    used 9893K, capacity 10519K, committed 11392K, reserved 1048576K
}
Event: 4604.512 GC heap before
{Heap before GC invocations=62 (full 15):
 PSYoungGen      total 478208K, used 460862K [0x00000000e0000000, 0x00000000ffd80000, 0x0000000100000000)
  eden space 440832K, 100% used [0x00000000e0000000,0x00000000fae80000,0x00000000fae80000)
  from space 37376K, 53% used [0x00000000fd300000,0x00000000fe68f9f0,0x00000000ff780000)
  to   space 37376K, 0% used [0x00000000fae80000,0x00000000fae80000,0x00000000fd300000)
 ParOldGen       total 173056K, used 59854K [0x00000000a0000000, 0x00000000aa900000, 0x00000000e0000000)
  object space 173056K, 34% used [0x00000000a0000000,0x00000000a3a73af0,0x00000000aa900000)
 Metaspace       used 78544K, capacity 83736K, committed 86400K, reserved 1124352K
  class space    used 10085K, capacity 10791K, committed 11392K, reserved 1048576K
Event: 4605.113 GC heap after
Heap after GC invocations=62 (full 15):
 PSYoungGen      total 478208K, used 37375K [0x00000000e0000000, 0x0000000100000000, 0x0000000100000000)
  eden space 440832K, 0% used [0x00000000e0000000,0x00000000e0000000,0x00000000fae80000)
  from space 37376K, 99% used [0x00000000fae80000,0x00000000fd2fff20,0x00000000fd300000)
  to   space 43520K, 0% used [0x00000000fd580000,0x00000000fd580000,0x0000000100000000)
 ParOldGen       total 173056K, used 60243K [0x00000000a0000000, 0x00000000aa900000, 0x00000000e0000000)
  object space 173056K, 34% used [0x00000000a0000000,0x00000000a3ad4df8,0x00000000aa900000)
 Metaspace       used 78544K, capacity 83736K, committed 86400K, reserved 1124352K
  class space    used 10085K, capacity 10791K, committed 11392K, reserved 1048576K
}
Event: 5045.033 GC heap before
{Heap before GC invocations=63 (full 15):
 PSYoungGen      total 478208K, used 478207K [0x00000000e0000000, 0x0000000100000000, 0x0000000100000000)
  eden space 440832K, 100% used [0x00000000e0000000,0x00000000fae80000,0x00000000fae80000)
  from space 37376K, 99% used [0x00000000fae80000,0x00000000fd2fff20,0x00000000fd300000)
  to   space 43520K, 0% used [0x00000000fd580000,0x00000000fd580000,0x0000000100000000)
 ParOldGen       total 173056K, used 60243K [0x00000000a0000000, 0x00000000aa900000, 0x00000000e0000000)
  object space 173056K, 34% used [0x00000000a0000000,0x00000000a3ad4df8,0x00000000aa900000)
 Metaspace       used 78730K, capacity 84028K, committed 86400K, reserved 1124352K
  class space    used 10112K, capacity 10833K, committed 11392K, reserved 1048576K
Event: 5045.905 GC heap after
Heap after GC invocations=63 (full 15):
 PSYoungGen      total 466432K, used 43293K [0x00000000e0000000, 0x0000000100000000, 0x0000000100000000)
  eden space 422912K, 0% used [0x00000000e0000000,0x00000000e0000000,0x00000000f9d00000)
  from space 43520K, 99% used [0x00000000fd580000,0x00000000fffc77b8,0x0000000100000000)
  to   space 50688K, 0% used [0x00000000f9d00000,0x00000000f9d00000,0x00000000fce80000)
 ParOldGen       total 173056K, used 60251K [0x00000000a0000000, 0x00000000aa900000, 0x00000000e0000000)
  object space 173056K, 34% used [0x00000000a0000000,0x00000000a3ad6df8,0x00000000aa900000)
 Metaspace       used 78730K, capacity 84028K, committed 86400K, reserved 1124352K
  class space    used 10112K, capacity 10833K, committed 11392K, reserved 1048576K
}

